<?xml version="1.0" encoding="UTF-8"?>
<testsuite xmlns:xsi="http://www.w3.org/2001/XMLSchema-instance" xsi:noNamespaceSchemaLocation="https://maven.apache.org/surefire/maven-surefire-plugin/xsd/surefire-test-report-3.0.xsd" version="3.0" name="com.eureka.server.EurekaServerApplicationTests" time="50.278" tests="1" errors="0" skipped="0" failures="0">
  <properties>
    <property name="java.specification.version" value="17"/>
    <property name="sun.cpu.isalist" value="amd64"/>
    <property name="sun.jnu.encoding" value="Cp1252"/>
    <property name="java.class.path" value="C:\sts-4.17.1.RELEASE\MicroServices\CICD Pipeline\Distributed-Transaction\EurekaServer\target\test-classes;C:\sts-4.17.1.RELEASE\MicroServices\CICD Pipeline\Distributed-Transaction\EurekaServer\target\classes;C:\Users\Hp\.m2\repository\org\springframework\boot\spring-boot-starter-test\3.1.9\spring-boot-starter-test-3.1.9.jar;C:\Users\Hp\.m2\repository\org\springframework\boot\spring-boot-test\3.1.9\spring-boot-test-3.1.9.jar;C:\Users\Hp\.m2\repository\org\springframework\boot\spring-boot-test-autoconfigure\3.1.9\spring-boot-test-autoconfigure-3.1.9.jar;C:\Users\Hp\.m2\repository\com\jayway\jsonpath\json-path\2.9.0\json-path-2.9.0.jar;C:\Users\Hp\.m2\repository\org\slf4j\slf4j-api\2.0.12\slf4j-api-2.0.12.jar;C:\Users\Hp\.m2\repository\jakarta\xml\bind\jakarta.xml.bind-api\4.0.1\jakarta.xml.bind-api-4.0.1.jar;C:\Users\Hp\.m2\repository\jakarta\activation\jakarta.activation-api\2.1.2\jakarta.activation-api-2.1.2.jar;C:\Users\Hp\.m2\repository\net\minidev\json-smart\2.4.11\json-smart-2.4.11.jar;C:\Users\Hp\.m2\repository\net\minidev\accessors-smart\2.4.11\accessors-smart-2.4.11.jar;C:\Users\Hp\.m2\repository\org\ow2\asm\asm\9.3\asm-9.3.jar;C:\Users\Hp\.m2\repository\org\assertj\assertj-core\3.24.2\assertj-core-3.24.2.jar;C:\Users\Hp\.m2\repository\net\bytebuddy\byte-buddy\1.14.12\byte-buddy-1.14.12.jar;C:\Users\Hp\.m2\repository\org\hamcrest\hamcrest\2.2\hamcrest-2.2.jar;C:\Users\Hp\.m2\repository\org\junit\jupiter\junit-jupiter\5.9.3\junit-jupiter-5.9.3.jar;C:\Users\Hp\.m2\repository\org\junit\jupiter\junit-jupiter-api\5.9.3\junit-jupiter-api-5.9.3.jar;C:\Users\Hp\.m2\repository\org\opentest4j\opentest4j\1.2.0\opentest4j-1.2.0.jar;C:\Users\Hp\.m2\repository\org\junit\platform\junit-platform-commons\1.9.3\junit-platform-commons-1.9.3.jar;C:\Users\Hp\.m2\repository\org\apiguardian\apiguardian-api\1.1.2\apiguardian-api-1.1.2.jar;C:\Users\Hp\.m2\repository\org\junit\jupiter\junit-jupiter-params\5.9.3\junit-jupiter-params-5.9.3.jar;C:\Users\Hp\.m2\repository\org\junit\jupiter\junit-jupiter-engine\5.9.3\junit-jupiter-engine-5.9.3.jar;C:\Users\Hp\.m2\repository\org\junit\platform\junit-platform-engine\1.9.3\junit-platform-engine-1.9.3.jar;C:\Users\Hp\.m2\repository\org\mockito\mockito-core\5.3.1\mockito-core-5.3.1.jar;C:\Users\Hp\.m2\repository\net\bytebuddy\byte-buddy-agent\1.14.12\byte-buddy-agent-1.14.12.jar;C:\Users\Hp\.m2\repository\org\objenesis\objenesis\3.3\objenesis-3.3.jar;C:\Users\Hp\.m2\repository\org\mockito\mockito-junit-jupiter\5.3.1\mockito-junit-jupiter-5.3.1.jar;C:\Users\Hp\.m2\repository\org\skyscreamer\jsonassert\1.5.1\jsonassert-1.5.1.jar;C:\Users\Hp\.m2\repository\com\vaadin\external\google\android-json\0.0.20131108.vaadin1\android-json-0.0.20131108.vaadin1.jar;C:\Users\Hp\.m2\repository\org\springframework\spring-core\6.0.17\spring-core-6.0.17.jar;C:\Users\Hp\.m2\repository\org\springframework\spring-jcl\6.0.17\spring-jcl-6.0.17.jar;C:\Users\Hp\.m2\repository\org\springframework\spring-test\6.0.17\spring-test-6.0.17.jar;C:\Users\Hp\.m2\repository\org\xmlunit\xmlunit-core\2.9.1\xmlunit-core-2.9.1.jar;C:\Users\Hp\.m2\repository\org\springframework\cloud\spring-cloud-starter-netflix-eureka-server\4.0.4\spring-cloud-starter-netflix-eureka-server-4.0.4.jar;C:\Users\Hp\.m2\repository\org\springframework\cloud\spring-cloud-starter\4.0.5\spring-cloud-starter-4.0.5.jar;C:\Users\Hp\.m2\repository\org\springframework\cloud\spring-cloud-context\4.0.5\spring-cloud-context-4.0.5.jar;C:\Users\Hp\.m2\repository\org\springframework\security\spring-security-crypto\6.1.7\spring-security-crypto-6.1.7.jar;C:\Users\Hp\.m2\repository\org\springframework\cloud\spring-cloud-commons\4.0.5\spring-cloud-commons-4.0.5.jar;C:\Users\Hp\.m2\repository\org\springframework\security\spring-security-rsa\1.0.12.RELEASE\spring-security-rsa-1.0.12.RELEASE.jar;C:\Users\Hp\.m2\repository\org\bouncycastle\bcpkix-jdk18on\1.73\bcpkix-jdk18on-1.73.jar;C:\Users\Hp\.m2\repository\org\bouncycastle\bcprov-jdk18on\1.73\bcprov-jdk18on-1.73.jar;C:\Users\Hp\.m2\repository\org\bouncycastle\bcutil-jdk18on\1.73\bcutil-jdk18on-1.73.jar;C:\Users\Hp\.m2\repository\org\springframework\cloud\spring-cloud-netflix-eureka-server\4.0.4\spring-cloud-netflix-eureka-server-4.0.4.jar;C:\Users\Hp\.m2\repository\org\springframework\boot\spring-boot-starter-web\3.1.9\spring-boot-starter-web-3.1.9.jar;C:\Users\Hp\.m2\repository\org\springframework\boot\spring-boot-starter-json\3.1.9\spring-boot-starter-json-3.1.9.jar;C:\Users\Hp\.m2\repository\com\fasterxml\jackson\datatype\jackson-datatype-jdk8\2.15.4\jackson-datatype-jdk8-2.15.4.jar;C:\Users\Hp\.m2\repository\com\fasterxml\jackson\datatype\jackson-datatype-jsr310\2.15.4\jackson-datatype-jsr310-2.15.4.jar;C:\Users\Hp\.m2\repository\com\fasterxml\jackson\module\jackson-module-parameter-names\2.15.4\jackson-module-parameter-names-2.15.4.jar;C:\Users\Hp\.m2\repository\org\springframework\boot\spring-boot-starter-tomcat\3.1.9\spring-boot-starter-tomcat-3.1.9.jar;C:\Users\Hp\.m2\repository\org\apache\tomcat\embed\tomcat-embed-core\10.1.19\tomcat-embed-core-10.1.19.jar;C:\Users\Hp\.m2\repository\org\apache\tomcat\embed\tomcat-embed-el\10.1.19\tomcat-embed-el-10.1.19.jar;C:\Users\Hp\.m2\repository\org\apache\tomcat\embed\tomcat-embed-websocket\10.1.19\tomcat-embed-websocket-10.1.19.jar;C:\Users\Hp\.m2\repository\org\springframework\spring-web\6.0.17\spring-web-6.0.17.jar;C:\Users\Hp\.m2\repository\org\springframework\spring-webmvc\6.0.17\spring-webmvc-6.0.17.jar;C:\Users\Hp\.m2\repository\org\springframework\boot\spring-boot-starter-actuator\3.1.9\spring-boot-starter-actuator-3.1.9.jar;C:\Users\Hp\.m2\repository\org\springframework\boot\spring-boot-actuator-autoconfigure\3.1.9\spring-boot-actuator-autoconfigure-3.1.9.jar;C:\Users\Hp\.m2\repository\org\springframework\boot\spring-boot-actuator\3.1.9\spring-boot-actuator-3.1.9.jar;C:\Users\Hp\.m2\repository\io\micrometer\micrometer-observation\1.11.9\micrometer-observation-1.11.9.jar;C:\Users\Hp\.m2\repository\io\micrometer\micrometer-commons\1.11.9\micrometer-commons-1.11.9.jar;C:\Users\Hp\.m2\repository\io\micrometer\micrometer-core\1.11.9\micrometer-core-1.11.9.jar;C:\Users\Hp\.m2\repository\org\hdrhistogram\HdrHistogram\2.1.12\HdrHistogram-2.1.12.jar;C:\Users\Hp\.m2\repository\org\latencyutils\LatencyUtils\2.0.3\LatencyUtils-2.0.3.jar;C:\Users\Hp\.m2\repository\org\springframework\boot\spring-boot-starter-freemarker\3.1.9\spring-boot-starter-freemarker-3.1.9.jar;C:\Users\Hp\.m2\repository\org\freemarker\freemarker\2.3.32\freemarker-2.3.32.jar;C:\Users\Hp\.m2\repository\org\springframework\spring-context-support\6.0.17\spring-context-support-6.0.17.jar;C:\Users\Hp\.m2\repository\org\springframework\cloud\spring-cloud-netflix-eureka-client\4.0.4\spring-cloud-netflix-eureka-client-4.0.4.jar;C:\Users\Hp\.m2\repository\com\netflix\eureka\eureka-client\2.0.1\eureka-client-2.0.1.jar;C:\Users\Hp\.m2\repository\com\netflix\netflix-commons\netflix-eventbus\0.3.0\netflix-eventbus-0.3.0.jar;C:\Users\Hp\.m2\repository\com\netflix\netflix-commons\netflix-infix\0.3.0\netflix-infix-0.3.0.jar;C:\Users\Hp\.m2\repository\commons-jxpath\commons-jxpath\1.3\commons-jxpath-1.3.jar;C:\Users\Hp\.m2\repository\joda-time\joda-time\2.3\joda-time-2.3.jar;C:\Users\Hp\.m2\repository\org\antlr\antlr-runtime\3.4\antlr-runtime-3.4.jar;C:\Users\Hp\.m2\repository\org\antlr\stringtemplate\3.2.1\stringtemplate-3.2.1.jar;C:\Users\Hp\.m2\repository\antlr\antlr\2.7.7\antlr-2.7.7.jar;C:\Users\Hp\.m2\repository\com\google\code\gson\gson\2.10.1\gson-2.10.1.jar;C:\Users\Hp\.m2\repository\org\apache\commons\commons-math\2.2\commons-math-2.2.jar;C:\Users\Hp\.m2\repository\com\thoughtworks\xstream\xstream\1.4.19\xstream-1.4.19.jar;C:\Users\Hp\.m2\repository\io\github\x-stream\mxparser\1.2.2\mxparser-1.2.2.jar;C:\Users\Hp\.m2\repository\xmlpull\xmlpull\1.1.3.1\xmlpull-1.1.3.1.jar;C:\Users\Hp\.m2\repository\com\netflix\servo\servo-core\0.12.21\servo-core-0.12.21.jar;C:\Users\Hp\.m2\repository\com\google\guava\guava\19.0\guava-19.0.jar;C:\Users\Hp\.m2\repository\org\apache\httpcomponents\httpclient\4.5.3\httpclient-4.5.3.jar;C:\Users\Hp\.m2\repository\org\apache\httpcomponents\httpcore\4.4.16\httpcore-4.4.16.jar;C:\Users\Hp\.m2\repository\commons-codec\commons-codec\1.15\commons-codec-1.15.jar;C:\Users\Hp\.m2\repository\commons-configuration\commons-configuration\1.10\commons-configuration-1.10.jar;C:\Users\Hp\.m2\repository\commons-lang\commons-lang\2.6\commons-lang-2.6.jar;C:\Users\Hp\.m2\repository\org\codehaus\jettison\jettison\1.4.0\jettison-1.4.0.jar;C:\Users\Hp\.m2\repository\org\apache\httpcomponents\client5\httpclient5\5.2.3\httpclient5-5.2.3.jar;C:\Users\Hp\.m2\repository\org\apache\httpcomponents\core5\httpcore5\5.2.4\httpcore5-5.2.4.jar;C:\Users\Hp\.m2\repository\org\apache\httpcomponents\core5\httpcore5-h2\5.2.4\httpcore5-h2-5.2.4.jar;C:\Users\Hp\.m2\repository\com\netflix\eureka\eureka-client-jersey3\2.0.1\eureka-client-jersey3-2.0.1.jar;C:\Users\Hp\.m2\repository\org\glassfish\jersey\connectors\jersey-apache-connector\3.1.5\jersey-apache-connector-3.1.5.jar;C:\Users\Hp\.m2\repository\com\netflix\eureka\eureka-core-jersey3\2.0.1\eureka-core-jersey3-2.0.1.jar;C:\Users\Hp\.m2\repository\com\netflix\eureka\eureka-core\2.0.1\eureka-core-2.0.1.jar;C:\Users\Hp\.m2\repository\org\glassfish\jersey\containers\jersey-container-servlet\3.1.5\jersey-container-servlet-3.1.5.jar;C:\Users\Hp\.m2\repository\org\glassfish\jersey\containers\jersey-container-servlet-core\3.1.5\jersey-container-servlet-core-3.1.5.jar;C:\Users\Hp\.m2\repository\org\glassfish\jersey\core\jersey-common\3.1.5\jersey-common-3.1.5.jar;C:\Users\Hp\.m2\repository\org\glassfish\hk2\osgi-resource-locator\1.0.3\osgi-resource-locator-1.0.3.jar;C:\Users\Hp\.m2\repository\jakarta\ws\rs\jakarta.ws.rs-api\3.1.0\jakarta.ws.rs-api-3.1.0.jar;C:\Users\Hp\.m2\repository\org\glassfish\jersey\core\jersey-server\3.1.5\jersey-server-3.1.5.jar;C:\Users\Hp\.m2\repository\jakarta\validation\jakarta.validation-api\3.0.2\jakarta.validation-api-3.0.2.jar;C:\Users\Hp\.m2\repository\org\glassfish\jersey\core\jersey-client\3.1.5\jersey-client-3.1.5.jar;C:\Users\Hp\.m2\repository\org\glassfish\jersey\inject\jersey-hk2\3.1.5\jersey-hk2-3.1.5.jar;C:\Users\Hp\.m2\repository\org\glassfish\hk2\hk2-locator\3.0.5\hk2-locator-3.0.5.jar;C:\Users\Hp\.m2\repository\org\glassfish\hk2\external\aopalliance-repackaged\3.0.5\aopalliance-repackaged-3.0.5.jar;C:\Users\Hp\.m2\repository\org\glassfish\hk2\hk2-utils\3.0.5\hk2-utils-3.0.5.jar;C:\Users\Hp\.m2\repository\org\javassist\javassist\3.29.2-GA\javassist-3.29.2-GA.jar;C:\Users\Hp\.m2\repository\org\glassfish\hk2\spring-bridge\3.0.5\spring-bridge-3.0.5.jar;C:\Users\Hp\.m2\repository\org\glassfish\hk2\hk2-api\3.0.5\hk2-api-3.0.5.jar;C:\Users\Hp\.m2\repository\jakarta\inject\jakarta.inject-api\2.0.1\jakarta.inject-api-2.0.1.jar;C:\Users\Hp\.m2\repository\com\fasterxml\jackson\dataformat\jackson-dataformat-xml\2.15.4\jackson-dataformat-xml-2.15.4.jar;C:\Users\Hp\.m2\repository\com\fasterxml\jackson\core\jackson-core\2.15.4\jackson-core-2.15.4.jar;C:\Users\Hp\.m2\repository\com\fasterxml\jackson\core\jackson-annotations\2.15.4\jackson-annotations-2.15.4.jar;C:\Users\Hp\.m2\repository\com\fasterxml\jackson\core\jackson-databind\2.15.4\jackson-databind-2.15.4.jar;C:\Users\Hp\.m2\repository\org\codehaus\woodstox\stax2-api\4.2.1\stax2-api-4.2.1.jar;C:\Users\Hp\.m2\repository\com\fasterxml\woodstox\woodstox-core\6.5.1\woodstox-core-6.5.1.jar;C:\Users\Hp\.m2\repository\org\springframework\cloud\spring-cloud-starter-loadbalancer\4.0.5\spring-cloud-starter-loadbalancer-4.0.5.jar;C:\Users\Hp\.m2\repository\org\springframework\cloud\spring-cloud-loadbalancer\4.0.5\spring-cloud-loadbalancer-4.0.5.jar;C:\Users\Hp\.m2\repository\io\projectreactor\reactor-core\3.5.14\reactor-core-3.5.14.jar;C:\Users\Hp\.m2\repository\org\reactivestreams\reactive-streams\1.0.4\reactive-streams-1.0.4.jar;C:\Users\Hp\.m2\repository\io\projectreactor\addons\reactor-extra\3.5.1\reactor-extra-3.5.1.jar;C:\Users\Hp\.m2\repository\org\springframework\boot\spring-boot-starter-cache\3.1.9\spring-boot-starter-cache-3.1.9.jar;C:\Users\Hp\.m2\repository\com\stoyanr\evictor\1.0.0\evictor-1.0.0.jar;C:\Users\Hp\.m2\repository\org\glassfish\jaxb\jaxb-runtime\4.0.4\jaxb-runtime-4.0.4.jar;C:\Users\Hp\.m2\repository\org\glassfish\jaxb\jaxb-core\4.0.4\jaxb-core-4.0.4.jar;C:\Users\Hp\.m2\repository\org\eclipse\angus\angus-activation\2.0.1\angus-activation-2.0.1.jar;C:\Users\Hp\.m2\repository\org\glassfish\jaxb\txw2\4.0.4\txw2-4.0.4.jar;C:\Users\Hp\.m2\repository\com\sun\istack\istack-commons-runtime\4.1.2\istack-commons-runtime-4.1.2.jar;C:\Users\Hp\.m2\repository\org\springframework\boot\spring-boot-starter\3.1.9\spring-boot-starter-3.1.9.jar;C:\Users\Hp\.m2\repository\org\springframework\boot\spring-boot\3.1.9\spring-boot-3.1.9.jar;C:\Users\Hp\.m2\repository\org\springframework\spring-context\6.0.17\spring-context-6.0.17.jar;C:\Users\Hp\.m2\repository\org\springframework\spring-aop\6.0.17\spring-aop-6.0.17.jar;C:\Users\Hp\.m2\repository\org\springframework\spring-beans\6.0.17\spring-beans-6.0.17.jar;C:\Users\Hp\.m2\repository\org\springframework\spring-expression\6.0.17\spring-expression-6.0.17.jar;C:\Users\Hp\.m2\repository\org\springframework\boot\spring-boot-autoconfigure\3.1.9\spring-boot-autoconfigure-3.1.9.jar;C:\Users\Hp\.m2\repository\org\springframework\boot\spring-boot-starter-logging\3.1.9\spring-boot-starter-logging-3.1.9.jar;C:\Users\Hp\.m2\repository\ch\qos\logback\logback-classic\1.4.14\logback-classic-1.4.14.jar;C:\Users\Hp\.m2\repository\ch\qos\logback\logback-core\1.4.14\logback-core-1.4.14.jar;C:\Users\Hp\.m2\repository\org\apache\logging\log4j\log4j-to-slf4j\2.20.0\log4j-to-slf4j-2.20.0.jar;C:\Users\Hp\.m2\repository\org\apache\logging\log4j\log4j-api\2.20.0\log4j-api-2.20.0.jar;C:\Users\Hp\.m2\repository\org\slf4j\jul-to-slf4j\2.0.12\jul-to-slf4j-2.0.12.jar;C:\Users\Hp\.m2\repository\jakarta\annotation\jakarta.annotation-api\2.1.1\jakarta.annotation-api-2.1.1.jar;C:\Users\Hp\.m2\repository\org\yaml\snakeyaml\1.33\snakeyaml-1.33.jar;"/>
    <property name="java.vm.vendor" value="Eclipse Adoptium"/>
    <property name="sun.arch.data.model" value="64"/>
    <property name="user.variant" value=""/>
    <property name="java.vendor.url" value="https://adoptium.net/"/>
    <property name="user.timezone" value="Asia/Calcutta"/>
    <property name="os.name" value="Windows 10"/>
    <property name="java.vm.specification.version" value="17"/>
    <property name="sun.java.launcher" value="SUN_STANDARD"/>
    <property name="user.country" value="IN"/>
    <property name="sun.boot.library.path" value="C:\sts-4.17.1.RELEASE\plugins\org.eclipse.justj.openjdk.hotspot.jre.full.win32.x86_64_17.0.5.v20221102-0933\jre\bin"/>
    <property name="sun.java.command" value="C:\Users\Hp\AppData\Local\Temp\surefire5587622335624897988\surefirebooter-20240501015514473_3.jar C:\Users\Hp\AppData\Local\Temp\surefire5587622335624897988 2024-05-01T01-55-12_653-jvmRun1 surefire-20240501015514473_1tmp surefire_0-20240501015514473_2tmp"/>
    <property name="jdk.debug" value="release"/>
    <property name="surefire.test.class.path" value="C:\sts-4.17.1.RELEASE\MicroServices\CICD Pipeline\Distributed-Transaction\EurekaServer\target\test-classes;C:\sts-4.17.1.RELEASE\MicroServices\CICD Pipeline\Distributed-Transaction\EurekaServer\target\classes;C:\Users\Hp\.m2\repository\org\springframework\boot\spring-boot-starter-test\3.1.9\spring-boot-starter-test-3.1.9.jar;C:\Users\Hp\.m2\repository\org\springframework\boot\spring-boot-test\3.1.9\spring-boot-test-3.1.9.jar;C:\Users\Hp\.m2\repository\org\springframework\boot\spring-boot-test-autoconfigure\3.1.9\spring-boot-test-autoconfigure-3.1.9.jar;C:\Users\Hp\.m2\repository\com\jayway\jsonpath\json-path\2.9.0\json-path-2.9.0.jar;C:\Users\Hp\.m2\repository\org\slf4j\slf4j-api\2.0.12\slf4j-api-2.0.12.jar;C:\Users\Hp\.m2\repository\jakarta\xml\bind\jakarta.xml.bind-api\4.0.1\jakarta.xml.bind-api-4.0.1.jar;C:\Users\Hp\.m2\repository\jakarta\activation\jakarta.activation-api\2.1.2\jakarta.activation-api-2.1.2.jar;C:\Users\Hp\.m2\repository\net\minidev\json-smart\2.4.11\json-smart-2.4.11.jar;C:\Users\Hp\.m2\repository\net\minidev\accessors-smart\2.4.11\accessors-smart-2.4.11.jar;C:\Users\Hp\.m2\repository\org\ow2\asm\asm\9.3\asm-9.3.jar;C:\Users\Hp\.m2\repository\org\assertj\assertj-core\3.24.2\assertj-core-3.24.2.jar;C:\Users\Hp\.m2\repository\net\bytebuddy\byte-buddy\1.14.12\byte-buddy-1.14.12.jar;C:\Users\Hp\.m2\repository\org\hamcrest\hamcrest\2.2\hamcrest-2.2.jar;C:\Users\Hp\.m2\repository\org\junit\jupiter\junit-jupiter\5.9.3\junit-jupiter-5.9.3.jar;C:\Users\Hp\.m2\repository\org\junit\jupiter\junit-jupiter-api\5.9.3\junit-jupiter-api-5.9.3.jar;C:\Users\Hp\.m2\repository\org\opentest4j\opentest4j\1.2.0\opentest4j-1.2.0.jar;C:\Users\Hp\.m2\repository\org\junit\platform\junit-platform-commons\1.9.3\junit-platform-commons-1.9.3.jar;C:\Users\Hp\.m2\repository\org\apiguardian\apiguardian-api\1.1.2\apiguardian-api-1.1.2.jar;C:\Users\Hp\.m2\repository\org\junit\jupiter\junit-jupiter-params\5.9.3\junit-jupiter-params-5.9.3.jar;C:\Users\Hp\.m2\repository\org\junit\jupiter\junit-jupiter-engine\5.9.3\junit-jupiter-engine-5.9.3.jar;C:\Users\Hp\.m2\repository\org\junit\platform\junit-platform-engine\1.9.3\junit-platform-engine-1.9.3.jar;C:\Users\Hp\.m2\repository\org\mockito\mockito-core\5.3.1\mockito-core-5.3.1.jar;C:\Users\Hp\.m2\repository\net\bytebuddy\byte-buddy-agent\1.14.12\byte-buddy-agent-1.14.12.jar;C:\Users\Hp\.m2\repository\org\objenesis\objenesis\3.3\objenesis-3.3.jar;C:\Users\Hp\.m2\repository\org\mockito\mockito-junit-jupiter\5.3.1\mockito-junit-jupiter-5.3.1.jar;C:\Users\Hp\.m2\repository\org\skyscreamer\jsonassert\1.5.1\jsonassert-1.5.1.jar;C:\Users\Hp\.m2\repository\com\vaadin\external\google\android-json\0.0.20131108.vaadin1\android-json-0.0.20131108.vaadin1.jar;C:\Users\Hp\.m2\repository\org\springframework\spring-core\6.0.17\spring-core-6.0.17.jar;C:\Users\Hp\.m2\repository\org\springframework\spring-jcl\6.0.17\spring-jcl-6.0.17.jar;C:\Users\Hp\.m2\repository\org\springframework\spring-test\6.0.17\spring-test-6.0.17.jar;C:\Users\Hp\.m2\repository\org\xmlunit\xmlunit-core\2.9.1\xmlunit-core-2.9.1.jar;C:\Users\Hp\.m2\repository\org\springframework\cloud\spring-cloud-starter-netflix-eureka-server\4.0.4\spring-cloud-starter-netflix-eureka-server-4.0.4.jar;C:\Users\Hp\.m2\repository\org\springframework\cloud\spring-cloud-starter\4.0.5\spring-cloud-starter-4.0.5.jar;C:\Users\Hp\.m2\repository\org\springframework\cloud\spring-cloud-context\4.0.5\spring-cloud-context-4.0.5.jar;C:\Users\Hp\.m2\repository\org\springframework\security\spring-security-crypto\6.1.7\spring-security-crypto-6.1.7.jar;C:\Users\Hp\.m2\repository\org\springframework\cloud\spring-cloud-commons\4.0.5\spring-cloud-commons-4.0.5.jar;C:\Users\Hp\.m2\repository\org\springframework\security\spring-security-rsa\1.0.12.RELEASE\spring-security-rsa-1.0.12.RELEASE.jar;C:\Users\Hp\.m2\repository\org\bouncycastle\bcpkix-jdk18on\1.73\bcpkix-jdk18on-1.73.jar;C:\Users\Hp\.m2\repository\org\bouncycastle\bcprov-jdk18on\1.73\bcprov-jdk18on-1.73.jar;C:\Users\Hp\.m2\repository\org\bouncycastle\bcutil-jdk18on\1.73\bcutil-jdk18on-1.73.jar;C:\Users\Hp\.m2\repository\org\springframework\cloud\spring-cloud-netflix-eureka-server\4.0.4\spring-cloud-netflix-eureka-server-4.0.4.jar;C:\Users\Hp\.m2\repository\org\springframework\boot\spring-boot-starter-web\3.1.9\spring-boot-starter-web-3.1.9.jar;C:\Users\Hp\.m2\repository\org\springframework\boot\spring-boot-starter-json\3.1.9\spring-boot-starter-json-3.1.9.jar;C:\Users\Hp\.m2\repository\com\fasterxml\jackson\datatype\jackson-datatype-jdk8\2.15.4\jackson-datatype-jdk8-2.15.4.jar;C:\Users\Hp\.m2\repository\com\fasterxml\jackson\datatype\jackson-datatype-jsr310\2.15.4\jackson-datatype-jsr310-2.15.4.jar;C:\Users\Hp\.m2\repository\com\fasterxml\jackson\module\jackson-module-parameter-names\2.15.4\jackson-module-parameter-names-2.15.4.jar;C:\Users\Hp\.m2\repository\org\springframework\boot\spring-boot-starter-tomcat\3.1.9\spring-boot-starter-tomcat-3.1.9.jar;C:\Users\Hp\.m2\repository\org\apache\tomcat\embed\tomcat-embed-core\10.1.19\tomcat-embed-core-10.1.19.jar;C:\Users\Hp\.m2\repository\org\apache\tomcat\embed\tomcat-embed-el\10.1.19\tomcat-embed-el-10.1.19.jar;C:\Users\Hp\.m2\repository\org\apache\tomcat\embed\tomcat-embed-websocket\10.1.19\tomcat-embed-websocket-10.1.19.jar;C:\Users\Hp\.m2\repository\org\springframework\spring-web\6.0.17\spring-web-6.0.17.jar;C:\Users\Hp\.m2\repository\org\springframework\spring-webmvc\6.0.17\spring-webmvc-6.0.17.jar;C:\Users\Hp\.m2\repository\org\springframework\boot\spring-boot-starter-actuator\3.1.9\spring-boot-starter-actuator-3.1.9.jar;C:\Users\Hp\.m2\repository\org\springframework\boot\spring-boot-actuator-autoconfigure\3.1.9\spring-boot-actuator-autoconfigure-3.1.9.jar;C:\Users\Hp\.m2\repository\org\springframework\boot\spring-boot-actuator\3.1.9\spring-boot-actuator-3.1.9.jar;C:\Users\Hp\.m2\repository\io\micrometer\micrometer-observation\1.11.9\micrometer-observation-1.11.9.jar;C:\Users\Hp\.m2\repository\io\micrometer\micrometer-commons\1.11.9\micrometer-commons-1.11.9.jar;C:\Users\Hp\.m2\repository\io\micrometer\micrometer-core\1.11.9\micrometer-core-1.11.9.jar;C:\Users\Hp\.m2\repository\org\hdrhistogram\HdrHistogram\2.1.12\HdrHistogram-2.1.12.jar;C:\Users\Hp\.m2\repository\org\latencyutils\LatencyUtils\2.0.3\LatencyUtils-2.0.3.jar;C:\Users\Hp\.m2\repository\org\springframework\boot\spring-boot-starter-freemarker\3.1.9\spring-boot-starter-freemarker-3.1.9.jar;C:\Users\Hp\.m2\repository\org\freemarker\freemarker\2.3.32\freemarker-2.3.32.jar;C:\Users\Hp\.m2\repository\org\springframework\spring-context-support\6.0.17\spring-context-support-6.0.17.jar;C:\Users\Hp\.m2\repository\org\springframework\cloud\spring-cloud-netflix-eureka-client\4.0.4\spring-cloud-netflix-eureka-client-4.0.4.jar;C:\Users\Hp\.m2\repository\com\netflix\eureka\eureka-client\2.0.1\eureka-client-2.0.1.jar;C:\Users\Hp\.m2\repository\com\netflix\netflix-commons\netflix-eventbus\0.3.0\netflix-eventbus-0.3.0.jar;C:\Users\Hp\.m2\repository\com\netflix\netflix-commons\netflix-infix\0.3.0\netflix-infix-0.3.0.jar;C:\Users\Hp\.m2\repository\commons-jxpath\commons-jxpath\1.3\commons-jxpath-1.3.jar;C:\Users\Hp\.m2\repository\joda-time\joda-time\2.3\joda-time-2.3.jar;C:\Users\Hp\.m2\repository\org\antlr\antlr-runtime\3.4\antlr-runtime-3.4.jar;C:\Users\Hp\.m2\repository\org\antlr\stringtemplate\3.2.1\stringtemplate-3.2.1.jar;C:\Users\Hp\.m2\repository\antlr\antlr\2.7.7\antlr-2.7.7.jar;C:\Users\Hp\.m2\repository\com\google\code\gson\gson\2.10.1\gson-2.10.1.jar;C:\Users\Hp\.m2\repository\org\apache\commons\commons-math\2.2\commons-math-2.2.jar;C:\Users\Hp\.m2\repository\com\thoughtworks\xstream\xstream\1.4.19\xstream-1.4.19.jar;C:\Users\Hp\.m2\repository\io\github\x-stream\mxparser\1.2.2\mxparser-1.2.2.jar;C:\Users\Hp\.m2\repository\xmlpull\xmlpull\1.1.3.1\xmlpull-1.1.3.1.jar;C:\Users\Hp\.m2\repository\com\netflix\servo\servo-core\0.12.21\servo-core-0.12.21.jar;C:\Users\Hp\.m2\repository\com\google\guava\guava\19.0\guava-19.0.jar;C:\Users\Hp\.m2\repository\org\apache\httpcomponents\httpclient\4.5.3\httpclient-4.5.3.jar;C:\Users\Hp\.m2\repository\org\apache\httpcomponents\httpcore\4.4.16\httpcore-4.4.16.jar;C:\Users\Hp\.m2\repository\commons-codec\commons-codec\1.15\commons-codec-1.15.jar;C:\Users\Hp\.m2\repository\commons-configuration\commons-configuration\1.10\commons-configuration-1.10.jar;C:\Users\Hp\.m2\repository\commons-lang\commons-lang\2.6\commons-lang-2.6.jar;C:\Users\Hp\.m2\repository\org\codehaus\jettison\jettison\1.4.0\jettison-1.4.0.jar;C:\Users\Hp\.m2\repository\org\apache\httpcomponents\client5\httpclient5\5.2.3\httpclient5-5.2.3.jar;C:\Users\Hp\.m2\repository\org\apache\httpcomponents\core5\httpcore5\5.2.4\httpcore5-5.2.4.jar;C:\Users\Hp\.m2\repository\org\apache\httpcomponents\core5\httpcore5-h2\5.2.4\httpcore5-h2-5.2.4.jar;C:\Users\Hp\.m2\repository\com\netflix\eureka\eureka-client-jersey3\2.0.1\eureka-client-jersey3-2.0.1.jar;C:\Users\Hp\.m2\repository\org\glassfish\jersey\connectors\jersey-apache-connector\3.1.5\jersey-apache-connector-3.1.5.jar;C:\Users\Hp\.m2\repository\com\netflix\eureka\eureka-core-jersey3\2.0.1\eureka-core-jersey3-2.0.1.jar;C:\Users\Hp\.m2\repository\com\netflix\eureka\eureka-core\2.0.1\eureka-core-2.0.1.jar;C:\Users\Hp\.m2\repository\org\glassfish\jersey\containers\jersey-container-servlet\3.1.5\jersey-container-servlet-3.1.5.jar;C:\Users\Hp\.m2\repository\org\glassfish\jersey\containers\jersey-container-servlet-core\3.1.5\jersey-container-servlet-core-3.1.5.jar;C:\Users\Hp\.m2\repository\org\glassfish\jersey\core\jersey-common\3.1.5\jersey-common-3.1.5.jar;C:\Users\Hp\.m2\repository\org\glassfish\hk2\osgi-resource-locator\1.0.3\osgi-resource-locator-1.0.3.jar;C:\Users\Hp\.m2\repository\jakarta\ws\rs\jakarta.ws.rs-api\3.1.0\jakarta.ws.rs-api-3.1.0.jar;C:\Users\Hp\.m2\repository\org\glassfish\jersey\core\jersey-server\3.1.5\jersey-server-3.1.5.jar;C:\Users\Hp\.m2\repository\jakarta\validation\jakarta.validation-api\3.0.2\jakarta.validation-api-3.0.2.jar;C:\Users\Hp\.m2\repository\org\glassfish\jersey\core\jersey-client\3.1.5\jersey-client-3.1.5.jar;C:\Users\Hp\.m2\repository\org\glassfish\jersey\inject\jersey-hk2\3.1.5\jersey-hk2-3.1.5.jar;C:\Users\Hp\.m2\repository\org\glassfish\hk2\hk2-locator\3.0.5\hk2-locator-3.0.5.jar;C:\Users\Hp\.m2\repository\org\glassfish\hk2\external\aopalliance-repackaged\3.0.5\aopalliance-repackaged-3.0.5.jar;C:\Users\Hp\.m2\repository\org\glassfish\hk2\hk2-utils\3.0.5\hk2-utils-3.0.5.jar;C:\Users\Hp\.m2\repository\org\javassist\javassist\3.29.2-GA\javassist-3.29.2-GA.jar;C:\Users\Hp\.m2\repository\org\glassfish\hk2\spring-bridge\3.0.5\spring-bridge-3.0.5.jar;C:\Users\Hp\.m2\repository\org\glassfish\hk2\hk2-api\3.0.5\hk2-api-3.0.5.jar;C:\Users\Hp\.m2\repository\jakarta\inject\jakarta.inject-api\2.0.1\jakarta.inject-api-2.0.1.jar;C:\Users\Hp\.m2\repository\com\fasterxml\jackson\dataformat\jackson-dataformat-xml\2.15.4\jackson-dataformat-xml-2.15.4.jar;C:\Users\Hp\.m2\repository\com\fasterxml\jackson\core\jackson-core\2.15.4\jackson-core-2.15.4.jar;C:\Users\Hp\.m2\repository\com\fasterxml\jackson\core\jackson-annotations\2.15.4\jackson-annotations-2.15.4.jar;C:\Users\Hp\.m2\repository\com\fasterxml\jackson\core\jackson-databind\2.15.4\jackson-databind-2.15.4.jar;C:\Users\Hp\.m2\repository\org\codehaus\woodstox\stax2-api\4.2.1\stax2-api-4.2.1.jar;C:\Users\Hp\.m2\repository\com\fasterxml\woodstox\woodstox-core\6.5.1\woodstox-core-6.5.1.jar;C:\Users\Hp\.m2\repository\org\springframework\cloud\spring-cloud-starter-loadbalancer\4.0.5\spring-cloud-starter-loadbalancer-4.0.5.jar;C:\Users\Hp\.m2\repository\org\springframework\cloud\spring-cloud-loadbalancer\4.0.5\spring-cloud-loadbalancer-4.0.5.jar;C:\Users\Hp\.m2\repository\io\projectreactor\reactor-core\3.5.14\reactor-core-3.5.14.jar;C:\Users\Hp\.m2\repository\org\reactivestreams\reactive-streams\1.0.4\reactive-streams-1.0.4.jar;C:\Users\Hp\.m2\repository\io\projectreactor\addons\reactor-extra\3.5.1\reactor-extra-3.5.1.jar;C:\Users\Hp\.m2\repository\org\springframework\boot\spring-boot-starter-cache\3.1.9\spring-boot-starter-cache-3.1.9.jar;C:\Users\Hp\.m2\repository\com\stoyanr\evictor\1.0.0\evictor-1.0.0.jar;C:\Users\Hp\.m2\repository\org\glassfish\jaxb\jaxb-runtime\4.0.4\jaxb-runtime-4.0.4.jar;C:\Users\Hp\.m2\repository\org\glassfish\jaxb\jaxb-core\4.0.4\jaxb-core-4.0.4.jar;C:\Users\Hp\.m2\repository\org\eclipse\angus\angus-activation\2.0.1\angus-activation-2.0.1.jar;C:\Users\Hp\.m2\repository\org\glassfish\jaxb\txw2\4.0.4\txw2-4.0.4.jar;C:\Users\Hp\.m2\repository\com\sun\istack\istack-commons-runtime\4.1.2\istack-commons-runtime-4.1.2.jar;C:\Users\Hp\.m2\repository\org\springframework\boot\spring-boot-starter\3.1.9\spring-boot-starter-3.1.9.jar;C:\Users\Hp\.m2\repository\org\springframework\boot\spring-boot\3.1.9\spring-boot-3.1.9.jar;C:\Users\Hp\.m2\repository\org\springframework\spring-context\6.0.17\spring-context-6.0.17.jar;C:\Users\Hp\.m2\repository\org\springframework\spring-aop\6.0.17\spring-aop-6.0.17.jar;C:\Users\Hp\.m2\repository\org\springframework\spring-beans\6.0.17\spring-beans-6.0.17.jar;C:\Users\Hp\.m2\repository\org\springframework\spring-expression\6.0.17\spring-expression-6.0.17.jar;C:\Users\Hp\.m2\repository\org\springframework\boot\spring-boot-autoconfigure\3.1.9\spring-boot-autoconfigure-3.1.9.jar;C:\Users\Hp\.m2\repository\org\springframework\boot\spring-boot-starter-logging\3.1.9\spring-boot-starter-logging-3.1.9.jar;C:\Users\Hp\.m2\repository\ch\qos\logback\logback-classic\1.4.14\logback-classic-1.4.14.jar;C:\Users\Hp\.m2\repository\ch\qos\logback\logback-core\1.4.14\logback-core-1.4.14.jar;C:\Users\Hp\.m2\repository\org\apache\logging\log4j\log4j-to-slf4j\2.20.0\log4j-to-slf4j-2.20.0.jar;C:\Users\Hp\.m2\repository\org\apache\logging\log4j\log4j-api\2.20.0\log4j-api-2.20.0.jar;C:\Users\Hp\.m2\repository\org\slf4j\jul-to-slf4j\2.0.12\jul-to-slf4j-2.0.12.jar;C:\Users\Hp\.m2\repository\jakarta\annotation\jakarta.annotation-api\2.1.1\jakarta.annotation-api-2.1.1.jar;C:\Users\Hp\.m2\repository\org\yaml\snakeyaml\1.33\snakeyaml-1.33.jar;"/>
    <property name="sun.cpu.endian" value="little"/>
    <property name="user.home" value="C:\Users\Hp"/>
    <property name="user.language" value="en"/>
    <property name="java.specification.vendor" value="Oracle Corporation"/>
    <property name="java.version.date" value="2022-10-18"/>
    <property name="java.home" value="C:\sts-4.17.1.RELEASE\plugins\org.eclipse.justj.openjdk.hotspot.jre.full.win32.x86_64_17.0.5.v20221102-0933\jre"/>
    <property name="file.separator" value="\"/>
    <property name="style.color" value="always"/>
    <property name="basedir" value="C:\sts-4.17.1.RELEASE\MicroServices\CICD Pipeline\Distributed-Transaction\EurekaServer"/>
    <property name="java.vm.compressedOopsMode" value="32-bit"/>
    <property name="line.separator" value="&#10;"/>
    <property name="java.vm.specification.vendor" value="Oracle Corporation"/>
    <property name="java.specification.name" value="Java Platform API Specification"/>
    <property name="FILE_LOG_CHARSET" value="windows-1252"/>
    <property name="java.awt.headless" value="true"/>
    <property name="surefire.real.class.path" value="C:\Users\Hp\AppData\Local\Temp\surefire5587622335624897988\surefirebooter-20240501015514473_3.jar"/>
    <property name="user.script" value=""/>
    <property name="sun.management.compiler" value="HotSpot 64-Bit Tiered Compilers"/>
    <property name="java.runtime.version" value="17.0.5+8"/>
    <property name="user.name" value="Hp"/>
    <property name="path.separator" value=";"/>
    <property name="os.version" value="10.0"/>
    <property name="java.runtime.name" value="OpenJDK Runtime Environment"/>
    <property name="file.encoding" value="Cp1252"/>
    <property name="java.vm.name" value="OpenJDK 64-Bit Server VM"/>
    <property name="java.vendor.version" value="Temurin-17.0.5+8"/>
    <property name="localRepository" value="C:\Users\Hp\.m2\repository"/>
    <property name="java.vendor.url.bug" value="https://github.com/adoptium/adoptium-support/issues"/>
    <property name="java.io.tmpdir" value="C:\Users\Hp\AppData\Local\Temp\"/>
    <property name="java.version" value="17.0.5"/>
    <property name="user.dir" value="C:\sts-4.17.1.RELEASE\MicroServices\CICD Pipeline\Distributed-Transaction\EurekaServer"/>
    <property name="os.arch" value="amd64"/>
    <property name="java.vm.specification.name" value="Java Virtual Machine Specification"/>
    <property name="PID" value="9984"/>
    <property name="sun.os.patch.level" value=""/>
    <property name="CONSOLE_LOG_CHARSET" value="windows-1252"/>
    <property name="native.encoding" value="Cp1252"/>
    <property name="java.library.path" value="C:\sts-4.17.1.RELEASE\plugins\org.eclipse.justj.openjdk.hotspot.jre.full.win32.x86_64_17.0.5.v20221102-0933\jre\bin;C:\Windows\Sun\Java\bin;C:\Windows\system32;C:\Windows;C:/sts-4.17.1.RELEASE//plugins/org.eclipse.justj.openjdk.hotspot.jre.full.win32.x86_64_17.0.5.v20221102-0933/jre/bin/server;C:/sts-4.17.1.RELEASE//plugins/org.eclipse.justj.openjdk.hotspot.jre.full.win32.x86_64_17.0.5.v20221102-0933/jre/bin;C:\Program Files\Common Files\Oracle\Java\javapath;C:\Windows\system32;C:\Windows;C:\Windows\System32\Wbem;C:\Windows\System32\WindowsPowerShell\v1.0\;C:\Windows\System32\OpenSSH\;C:\Program Files\Java\jdk-22\bin\;C:\Program Files\Git\cmd;C:\Program Files\nodejs\;C:\Program Files\Docker\Docker\resources\bin;C:\Users\Hp\AppData\Local\Microsoft\WindowsApps;C:\Users\Hp\AppData\Local\Programs\Microsoft VS Code\bin;C:\Users\Hp\AppData\Roaming\npm;C:\Program Files\heroku\bin;C:\apache-maven-3.9.6\bin;;C:\sts-4.17.1.RELEASE;;."/>
    <property name="java.vm.info" value="mixed mode"/>
    <property name="java.vendor" value="Eclipse Adoptium"/>
    <property name="java.vm.version" value="17.0.5+8"/>
    <property name="sun.io.unicode.encoding" value="UnicodeLittle"/>
    <property name="java.class.version" value="61.0"/>
  </properties>
  <testcase name="contextLoads" classname="com.eureka.server.EurekaServerApplicationTests" time="4.532">
    <system-out><![CDATA[01:55:21.174 [main] INFO org.springframework.test.context.support.AnnotationConfigContextLoaderUtils -- Could not detect default configuration classes for test class [com.eureka.server.EurekaServerApplicationTests]: EurekaServerApplicationTests does not declare any static, non-private, non-final, nested classes annotated with @Configuration.
01:55:21.658 [main] INFO org.springframework.boot.test.context.SpringBootTestContextBootstrapper -- Found @SpringBootConfiguration com.eureka.server.EurekaServerApplication for test class com.eureka.server.EurekaServerApplicationTests

  .   ____          _            __ _ _
 /\\ / ___'_ __ _ _(_)_ __  __ _ \ \ \ \
( ( )\___ | '_ | '_| | '_ \/ _` | \ \ \ \
 \\/  ___)| |_)| | | | | || (_| |  ) ) ) )
  '  |____| .__|_| |_|_| |_\__, | / / / /
 =========|_|==============|___/=/_/_/_/
 :: Spring Boot ::                (v3.1.9)

2024-05-01T01:55:26.019+05:30  INFO 9984 --- [           main] c.e.server.EurekaServerApplicationTests  : Starting EurekaServerApplicationTests using Java 17.0.5 with PID 9984 (started by Hp in C:\sts-4.17.1.RELEASE\MicroServices\CICD Pipeline\Distributed-Transaction\EurekaServer)
2024-05-01T01:55:26.023+05:30  INFO 9984 --- [           main] c.e.server.EurekaServerApplicationTests  : No active profile set, falling back to 1 default profile: "default"
2024-05-01T01:55:33.455+05:30  INFO 9984 --- [           main] o.s.cloud.context.scope.GenericScope     : BeanFactory id=658a9fa3-cab4-34cc-bb80-c31143560392
2024-05-01T01:55:59.531+05:30  WARN 9984 --- [           main] iguration$LoadBalancerCaffeineWarnLogger : Spring Cloud LoadBalancer is currently working with the default cache. While this cache implementation is useful for development and tests, it's recommended to use Caffeine cache in production.You can switch to using Caffeine cache, by adding it and org.springframework.cache.caffeine.CaffeineCacheManager to the classpath.
2024-05-01T01:56:01.009+05:30  INFO 9984 --- [           main] o.s.c.n.eureka.InstanceInfoFactory       : Setting initial instance status as: STARTING
2024-05-01T01:56:01.216+05:30  INFO 9984 --- [           main] com.netflix.discovery.DiscoveryClient    : Initializing Eureka in region us-east-1
2024-05-01T01:56:01.227+05:30  INFO 9984 --- [           main] com.netflix.discovery.DiscoveryClient    : Client configured to neither register nor query for data.
2024-05-01T01:56:01.302+05:30  INFO 9984 --- [           main] com.netflix.discovery.DiscoveryClient    : Discovery Client initialized at timestamp 1714508761300 with initial instances count: 0
2024-05-01T01:56:01.666+05:30  INFO 9984 --- [           main] c.n.eureka.DefaultEurekaServerContext    : Initializing ...
2024-05-01T01:56:01.678+05:30  INFO 9984 --- [           main] c.n.eureka.cluster.PeerEurekaNodes       : Adding new peer nodes [http://localhost:8761/eureka/]
2024-05-01T01:56:03.052+05:30  INFO 9984 --- [           main] c.n.d.provider.DiscoveryJerseyProvider   : Using JSON encoding codec LegacyJacksonJson
2024-05-01T01:56:03.054+05:30  INFO 9984 --- [           main] c.n.d.provider.DiscoveryJerseyProvider   : Using JSON decoding codec LegacyJacksonJson
2024-05-01T01:56:03.054+05:30  INFO 9984 --- [           main] c.n.d.provider.DiscoveryJerseyProvider   : Using XML encoding codec XStreamXml
2024-05-01T01:56:03.055+05:30  INFO 9984 --- [           main] c.n.d.provider.DiscoveryJerseyProvider   : Using XML decoding codec XStreamXml
2024-05-01T01:56:03.784+05:30  INFO 9984 --- [           main] c.n.eureka.cluster.PeerEurekaNodes       : Replica node URL:  http://localhost:8761/eureka/
2024-05-01T01:56:03.815+05:30  INFO 9984 --- [           main] c.n.e.registry.AbstractInstanceRegistry  : Finished initializing remote region registries. All known remote regions: []
2024-05-01T01:56:03.817+05:30  INFO 9984 --- [           main] c.n.eureka.DefaultEurekaServerContext    : Initialized
2024-05-01T01:56:04.599+05:30  INFO 9984 --- [           main] o.s.b.a.e.web.EndpointLinksResolver      : Exposing 1 endpoint(s) beneath base path '/actuator'
2024-05-01T01:56:05.014+05:30  INFO 9984 --- [           main] o.s.c.n.e.s.EurekaServiceRegistry        : Registering application UNKNOWN with eureka with status UP
2024-05-01T01:56:05.121+05:30  INFO 9984 --- [           main] c.e.server.EurekaServerApplicationTests  : Started EurekaServerApplicationTests in 41.878 seconds (process running for 50.031)
2024-05-01T01:56:05.218+05:30  INFO 9984 --- [      Thread-10] o.s.c.n.e.server.EurekaServerBootstrap   : isAws returned false
2024-05-01T01:56:05.238+05:30  INFO 9984 --- [      Thread-10] o.s.c.n.e.server.EurekaServerBootstrap   : Initialized server context
2024-05-01T01:56:05.239+05:30  INFO 9984 --- [      Thread-10] c.n.e.r.PeerAwareInstanceRegistryImpl    : Got 1 instances from neighboring DS node
2024-05-01T01:56:05.240+05:30  INFO 9984 --- [      Thread-10] c.n.e.r.PeerAwareInstanceRegistryImpl    : Renew threshold is: 1
2024-05-01T01:56:05.240+05:30  INFO 9984 --- [      Thread-10] c.n.e.r.PeerAwareInstanceRegistryImpl    : Changing status to UP
2024-05-01T01:56:05.612+05:30  INFO 9984 --- [      Thread-10] e.s.EurekaServerInitializerConfiguration : Started Eureka Server
]]></system-out>
  </testcase>
</testsuite>